2024-01-14 14:16:13.310 [info] Using settings sync service https://vscode-sync.trafficmanager.net/
2024-01-14 14:16:13.310 [info] Auto Sync is enabled.
2024-01-14 14:16:13.310 [info] Auto Sync: Suspended until auth token is available.
2024-01-14 14:16:14.844 [info] Deleting non existing profile from backup /C:/Users/franc/AppData/Roaming/Code/User/sync/extensions
2024-01-14 14:16:15.065 [info] Deleting non existing profile from backup /C:/Users/franc/AppData/Roaming/Code/User/sync/globalState
2024-01-14 14:16:15.359 [info] Deleting non existing profile from backup /C:/Users/franc/AppData/Roaming/Code/User/sync/keybindings
2024-01-14 14:16:15.426 [info] Deleting non existing profile from backup /C:/Users/franc/AppData/Roaming/Code/User/sync/profiles
2024-01-14 14:16:15.636 [info] Deleting non existing profile from backup /C:/Users/franc/AppData/Roaming/Code/User/sync/settings
2024-01-14 14:16:15.693 [info] Deleting non existing profile from backup /C:/Users/franc/AppData/Roaming/Code/User/sync/snippets
2024-01-14 14:16:15.949 [info] Deleting non existing profile from backup /C:/Users/franc/AppData/Roaming/Code/User/sync/tasks
2024-01-14 14:16:19.689 [info] Auto Sync: Triggered by Interval
2024-01-14 14:16:19.690 [info] Sync started.
2024-01-14 14:16:20.296 [info] Settings: Last sync resource does not exist locally.
2024-01-14 14:16:20.592 [info] Settings: No changes found during synchronizing settings.
2024-01-14 14:16:20.601 [info] Keybindings: Last sync resource does not exist locally.
2024-01-14 14:16:20.777 [info] Keybindings: No changes found during synchronizing keybindings.
2024-01-14 14:16:20.781 [info] Snippets: Last sync resource does not exist locally.
2024-01-14 14:16:21.129 [info] Snippets: No changes found during synchronizing snippets.
2024-01-14 14:16:21.136 [info] Tasks: Last sync resource does not exist locally.
2024-01-14 14:16:21.205 [info] Tasks: No changes found during synchronizing tasks.
2024-01-14 14:16:21.209 [info] GlobalState: Last sync resource does not exist locally.
2024-01-14 14:16:22.045 [info] GlobalState: Updated remote ui state. Updated: cpp.1.lastSessionDate,cpp.1.sessionCount,java.2.lastSessionDate,java.2.sessionCount,javascript.1.lastSessionDate,javascript.1.sessionCount,typescript.1.lastSessionDate,typescript.1.sessionCount,csharp.1.lastSessionDate,csharp.1.sessionCount.
2024-01-14 14:16:22.055 [info] GlobalState: Updated last synchronized ui state
2024-01-14 14:16:22.062 [info] Extensions: Last sync resource does not exist locally.
2024-01-14 14:16:22.364 [info] Extensions: No changes found during synchronizing extensions.
2024-01-14 14:16:22.368 [info] Profiles: Last sync resource does not exist locally.
2024-01-14 14:16:22.438 [info] Profiles: No changes found during synchronizing profiles.
2024-01-14 14:16:22.443 [info] Sync done. Took 2759ms
2024-01-14 14:16:57.228 [info] Auto Sync: Triggered by Activity
2024-01-14 14:16:57.229 [info] Sync started.
2024-01-14 14:16:57.295 [info] Settings: No changes found during synchronizing settings.
2024-01-14 14:16:57.303 [info] Keybindings: No changes found during synchronizing keybindings.
2024-01-14 14:16:57.312 [info] Snippets: No changes found during synchronizing snippets.
2024-01-14 14:16:57.319 [info] Tasks: No changes found during synchronizing tasks.
2024-01-14 14:16:57.328 [info] GlobalState: No changes found during synchronizing ui state.
2024-01-14 14:16:57.575 [info] Extensions: No changes found during synchronizing extensions.
2024-01-14 14:16:57.580 [info] Profiles: No changes found during synchronizing profiles.
2024-01-14 14:16:57.584 [info] Sync done. Took 356ms
2024-01-14 14:17:44.922 [info] Auto Sync: Triggered by Activity
2024-01-14 14:17:44.923 [info] Sync started.
2024-01-14 14:17:44.994 [info] Settings: No changes found during synchronizing settings.
2024-01-14 14:17:45.004 [info] Keybindings: No changes found during synchronizing keybindings.
2024-01-14 14:17:45.014 [info] Snippets: No changes found during synchronizing snippets.
2024-01-14 14:17:45.022 [info] Tasks: No changes found during synchronizing tasks.
2024-01-14 14:17:45.029 [info] GlobalState: No changes found during synchronizing ui state.
2024-01-14 14:17:45.254 [info] Extensions: No changes found during synchronizing extensions.
2024-01-14 14:17:45.258 [info] Profiles: No changes found during synchronizing profiles.
2024-01-14 14:17:45.262 [info] Sync done. Took 339ms
2024-01-14 14:18:54.635 [info] Auto Sync: Triggered by Activity
2024-01-14 14:18:54.636 [info] Sync started.
2024-01-14 14:18:54.716 [info] Settings: No changes found during synchronizing settings.
2024-01-14 14:18:54.725 [info] Keybindings: No changes found during synchronizing keybindings.
2024-01-14 14:18:54.734 [info] Snippets: No changes found during synchronizing snippets.
2024-01-14 14:18:54.742 [info] Tasks: No changes found during synchronizing tasks.
2024-01-14 14:18:54.751 [info] GlobalState: No changes found during synchronizing ui state.
2024-01-14 14:18:54.954 [info] Extensions: No changes found during synchronizing extensions.
2024-01-14 14:18:54.957 [info] Profiles: No changes found during synchronizing profiles.
2024-01-14 14:18:54.961 [info] Sync done. Took 327ms
2024-01-14 14:19:27.159 [info] Auto Sync: Triggered by Activity
2024-01-14 14:19:27.160 [info] Sync started.
2024-01-14 14:19:27.226 [info] Settings: No changes found during synchronizing settings.
2024-01-14 14:19:27.236 [info] Keybindings: No changes found during synchronizing keybindings.
2024-01-14 14:19:27.246 [info] Snippets: No changes found during synchronizing snippets.
2024-01-14 14:19:27.254 [info] Tasks: No changes found during synchronizing tasks.
2024-01-14 14:19:27.261 [info] GlobalState: No changes found during synchronizing ui state.
2024-01-14 14:19:27.469 [info] Extensions: No changes found during synchronizing extensions.
2024-01-14 14:19:27.472 [info] Profiles: No changes found during synchronizing profiles.
2024-01-14 14:19:27.477 [info] Sync done. Took 318ms
2024-01-14 14:20:09.154 [info] Auto Sync: Triggered by Activity
2024-01-14 14:20:09.155 [info] Sync started.
2024-01-14 14:20:09.237 [info] Settings: No changes found during synchronizing settings.
2024-01-14 14:20:09.249 [info] Keybindings: No changes found during synchronizing keybindings.
2024-01-14 14:20:09.261 [info] Snippets: No changes found during synchronizing snippets.
2024-01-14 14:20:09.269 [info] Tasks: No changes found during synchronizing tasks.
2024-01-14 14:20:09.280 [info] GlobalState: No changes found during synchronizing ui state.
2024-01-14 14:20:09.433 [info] Extensions: No changes found during synchronizing extensions.
2024-01-14 14:20:09.437 [info] Profiles: No changes found during synchronizing profiles.
2024-01-14 14:20:09.440 [info] Sync done. Took 287ms
2024-01-14 14:22:12.701 [info] Auto Sync: Triggered by Activity
2024-01-14 14:22:12.702 [info] Sync started.
2024-01-14 14:22:12.787 [info] Settings: No changes found during synchronizing settings.
2024-01-14 14:22:12.795 [info] Keybindings: No changes found during synchronizing keybindings.
2024-01-14 14:22:12.804 [info] Snippets: No changes found during synchronizing snippets.
2024-01-14 14:22:12.811 [info] Tasks: No changes found during synchronizing tasks.
2024-01-14 14:22:12.822 [info] GlobalState: No changes found during synchronizing ui state.
2024-01-14 14:22:13.018 [info] Extensions: No changes found during synchronizing extensions.
2024-01-14 14:22:13.021 [info] Profiles: No changes found during synchronizing profiles.
2024-01-14 14:22:13.024 [info] Sync done. Took 324ms
2024-01-14 14:22:29.346 [info] Auto Sync: Triggered by Activity
2024-01-14 14:22:29.347 [info] Sync started.
2024-01-14 14:22:29.418 [info] Settings: No changes found during synchronizing settings.
2024-01-14 14:22:29.427 [info] Keybindings: No changes found during synchronizing keybindings.
2024-01-14 14:22:29.438 [info] Snippets: No changes found during synchronizing snippets.
2024-01-14 14:22:29.448 [info] Tasks: No changes found during synchronizing tasks.
2024-01-14 14:22:29.457 [info] GlobalState: No changes found during synchronizing ui state.
2024-01-14 14:22:29.625 [info] Extensions: No changes found during synchronizing extensions.
2024-01-14 14:22:29.628 [info] Profiles: No changes found during synchronizing profiles.
2024-01-14 14:22:29.633 [info] Sync done. Took 288ms
2024-01-14 14:22:57.281 [info] Auto Sync: Triggered by Activity
2024-01-14 14:22:57.281 [info] Sync started.
2024-01-14 14:22:57.352 [info] Settings: No changes found during synchronizing settings.
2024-01-14 14:22:57.362 [info] Keybindings: No changes found during synchronizing keybindings.
2024-01-14 14:22:57.371 [info] Snippets: No changes found during synchronizing snippets.
2024-01-14 14:22:57.379 [info] Tasks: No changes found during synchronizing tasks.
2024-01-14 14:22:57.388 [info] GlobalState: No changes found during synchronizing ui state.
2024-01-14 14:22:57.592 [info] Extensions: No changes found during synchronizing extensions.
2024-01-14 14:22:57.597 [info] Profiles: No changes found during synchronizing profiles.
2024-01-14 14:22:57.601 [info] Sync done. Took 321ms
2024-01-14 14:24:22.205 [info] Auto Sync: Triggered by Activity
2024-01-14 14:24:22.206 [info] Sync started.
2024-01-14 14:24:22.282 [info] Settings: No changes found during synchronizing settings.
2024-01-14 14:24:22.290 [info] Keybindings: No changes found during synchronizing keybindings.
2024-01-14 14:24:22.298 [info] Snippets: No changes found during synchronizing snippets.
2024-01-14 14:24:22.304 [info] Tasks: No changes found during synchronizing tasks.
2024-01-14 14:24:22.311 [info] GlobalState: No changes found during synchronizing ui state.
2024-01-14 14:24:22.515 [info] Extensions: No changes found during synchronizing extensions.
2024-01-14 14:24:22.518 [info] Profiles: No changes found during synchronizing profiles.
2024-01-14 14:24:22.521 [info] Sync done. Took 317ms
2024-01-14 14:47:47.411 [info] Auto Sync: Triggered by Interval
2024-01-14 14:47:47.411 [info] Sync started.
2024-01-14 14:47:48.137 [info] Settings: No changes found during synchronizing settings.
2024-01-14 14:47:48.263 [info] Keybindings: No changes found during synchronizing keybindings.
2024-01-14 14:47:48.325 [info] Snippets: No changes found during synchronizing snippets.
2024-01-14 14:47:48.332 [info] Tasks: No changes found during synchronizing tasks.
2024-01-14 14:47:48.345 [info] GlobalState: No changes found during synchronizing ui state.
2024-01-14 14:47:48.631 [info] Extensions: No changes found during synchronizing extensions.
2024-01-14 14:47:48.635 [info] Profiles: No changes found during synchronizing profiles.
2024-01-14 14:47:48.640 [info] Sync done. Took 1228ms
2024-01-14 14:48:19.940 [info] Auto Sync: Triggered by Activity
2024-01-14 14:48:19.941 [info] Sync started.
2024-01-14 14:48:20.028 [info] Settings: No changes found during synchronizing settings.
2024-01-14 14:48:20.037 [info] Keybindings: No changes found during synchronizing keybindings.
2024-01-14 14:48:20.049 [info] Snippets: No changes found during synchronizing snippets.
2024-01-14 14:48:20.057 [info] Tasks: No changes found during synchronizing tasks.
2024-01-14 14:48:20.067 [info] GlobalState: No changes found during synchronizing ui state.
2024-01-14 14:48:20.214 [info] Extensions: No changes found during synchronizing extensions.
2024-01-14 14:48:20.217 [info] Profiles: No changes found during synchronizing profiles.
2024-01-14 14:48:20.221 [info] Sync done. Took 281ms
2024-01-14 14:49:06.850 [info] Auto Sync: Triggered by Activity
2024-01-14 14:49:06.850 [info] Sync started.
2024-01-14 14:49:06.932 [info] Settings: No changes found during synchronizing settings.
2024-01-14 14:49:06.941 [info] Keybindings: No changes found during synchronizing keybindings.
2024-01-14 14:49:06.950 [info] Snippets: No changes found during synchronizing snippets.
2024-01-14 14:49:06.957 [info] Tasks: No changes found during synchronizing tasks.
2024-01-14 14:49:06.966 [info] GlobalState: No changes found during synchronizing ui state.
2024-01-14 14:49:07.176 [info] Extensions: No changes found during synchronizing extensions.
2024-01-14 14:49:07.182 [info] Profiles: No changes found during synchronizing profiles.
2024-01-14 14:49:07.186 [info] Sync done. Took 336ms
2024-01-14 14:51:30.150 [info] Auto Sync: Triggered by Activity
2024-01-14 14:51:30.151 [info] Sync started.
2024-01-14 14:51:30.356 [info] Settings: No changes found during synchronizing settings.
2024-01-14 14:51:30.365 [info] Keybindings: No changes found during synchronizing keybindings.
2024-01-14 14:51:30.377 [info] Snippets: No changes found during synchronizing snippets.
2024-01-14 14:51:30.385 [info] Tasks: No changes found during synchronizing tasks.
2024-01-14 14:51:30.396 [info] GlobalState: No changes found during synchronizing ui state.
2024-01-14 14:51:30.564 [info] Extensions: No changes found during synchronizing extensions.
2024-01-14 14:51:30.567 [info] Profiles: No changes found during synchronizing profiles.
2024-01-14 14:51:30.571 [info] Sync done. Took 420ms
2024-01-14 14:51:45.935 [info] Auto Sync: Triggered by Activity
2024-01-14 14:51:45.936 [info] Sync started.
2024-01-14 14:51:46.010 [info] Settings: No changes found during synchronizing settings.
2024-01-14 14:51:46.021 [info] Keybindings: No changes found during synchronizing keybindings.
2024-01-14 14:51:46.033 [info] Snippets: No changes found during synchronizing snippets.
2024-01-14 14:51:46.042 [info] Tasks: No changes found during synchronizing tasks.
2024-01-14 14:51:46.050 [info] GlobalState: No changes found during synchronizing ui state.
2024-01-14 14:51:46.230 [info] Extensions: No changes found during synchronizing extensions.
2024-01-14 14:51:46.234 [info] Profiles: No changes found during synchronizing profiles.
2024-01-14 14:51:46.237 [info] Sync done. Took 302ms
2024-01-14 14:52:10.027 [info] Auto Sync: Triggered by Activity
2024-01-14 14:52:10.027 [info] Sync started.
2024-01-14 14:52:10.099 [info] Settings: No changes found during synchronizing settings.
2024-01-14 14:52:10.107 [info] Keybindings: No changes found during synchronizing keybindings.
2024-01-14 14:52:10.116 [info] Snippets: No changes found during synchronizing snippets.
2024-01-14 14:52:10.124 [info] Tasks: No changes found during synchronizing tasks.
2024-01-14 14:52:10.133 [info] GlobalState: No changes found during synchronizing ui state.
2024-01-14 14:52:10.280 [info] Extensions: No changes found during synchronizing extensions.
2024-01-14 14:52:10.283 [info] Profiles: No changes found during synchronizing profiles.
2024-01-14 14:52:10.286 [info] Sync done. Took 260ms
2024-01-14 14:52:36.107 [info] Auto Sync: Triggered by Activity
2024-01-14 14:52:36.107 [info] Sync started.
2024-01-14 14:52:36.178 [info] Settings: No changes found during synchronizing settings.
2024-01-14 14:52:36.187 [info] Keybindings: No changes found during synchronizing keybindings.
2024-01-14 14:52:36.196 [info] Snippets: No changes found during synchronizing snippets.
2024-01-14 14:52:36.204 [info] Tasks: No changes found during synchronizing tasks.
2024-01-14 14:52:36.211 [info] GlobalState: No changes found during synchronizing ui state.
2024-01-14 14:52:36.417 [info] Extensions: No changes found during synchronizing extensions.
2024-01-14 14:52:36.420 [info] Profiles: No changes found during synchronizing profiles.
2024-01-14 14:52:36.423 [info] Sync done. Took 317ms
2024-01-14 14:53:21.503 [info] Auto Sync: Triggered by Activity
2024-01-14 14:53:21.504 [info] Sync started.
2024-01-14 14:53:21.570 [info] Settings: No changes found during synchronizing settings.
2024-01-14 14:53:21.578 [info] Keybindings: No changes found during synchronizing keybindings.
2024-01-14 14:53:21.586 [info] Snippets: No changes found during synchronizing snippets.
2024-01-14 14:53:21.592 [info] Tasks: No changes found during synchronizing tasks.
2024-01-14 14:53:21.600 [info] GlobalState: No changes found during synchronizing ui state.
2024-01-14 14:53:21.769 [info] Extensions: No changes found during synchronizing extensions.
2024-01-14 14:53:21.773 [info] Profiles: No changes found during synchronizing profiles.
2024-01-14 14:53:21.776 [info] Sync done. Took 273ms
2024-01-14 14:54:04.325 [info] Auto Sync: Triggered by Activity
2024-01-14 14:54:04.325 [info] Sync started.
2024-01-14 14:54:04.390 [info] Settings: No changes found during synchronizing settings.
2024-01-14 14:54:04.399 [info] Keybindings: No changes found during synchronizing keybindings.
2024-01-14 14:54:04.409 [info] Snippets: No changes found during synchronizing snippets.
2024-01-14 14:54:04.417 [info] Tasks: No changes found during synchronizing tasks.
2024-01-14 14:54:04.426 [info] GlobalState: No changes found during synchronizing ui state.
2024-01-14 14:54:04.636 [info] Extensions: No changes found during synchronizing extensions.
2024-01-14 14:54:04.640 [info] Profiles: No changes found during synchronizing profiles.
2024-01-14 14:54:04.643 [info] Sync done. Took 319ms
2024-01-14 14:54:57.292 [info] Auto Sync: Triggered by Activity
2024-01-14 14:54:57.292 [info] Sync started.
2024-01-14 14:54:57.369 [info] Settings: No changes found during synchronizing settings.
2024-01-14 14:54:57.379 [info] Keybindings: No changes found during synchronizing keybindings.
2024-01-14 14:54:57.390 [info] Snippets: No changes found during synchronizing snippets.
2024-01-14 14:54:57.399 [info] Tasks: No changes found during synchronizing tasks.
2024-01-14 14:54:57.408 [info] GlobalState: No changes found during synchronizing ui state.
2024-01-14 14:54:57.558 [info] Extensions: No changes found during synchronizing extensions.
2024-01-14 14:54:57.564 [info] Profiles: No changes found during synchronizing profiles.
2024-01-14 14:54:57.569 [info] Sync done. Took 276ms
2024-01-14 14:55:23.530 [info] Auto Sync: Triggered by Activity
2024-01-14 14:55:23.531 [info] Sync started.
2024-01-14 14:55:23.607 [info] Settings: No changes found during synchronizing settings.
2024-01-14 14:55:23.616 [info] Keybindings: No changes found during synchronizing keybindings.
2024-01-14 14:55:23.626 [info] Snippets: No changes found during synchronizing snippets.
2024-01-14 14:55:23.633 [info] Tasks: No changes found during synchronizing tasks.
2024-01-14 14:55:23.641 [info] GlobalState: No changes found during synchronizing ui state.
2024-01-14 14:55:23.861 [info] Extensions: No changes found during synchronizing extensions.
2024-01-14 14:55:23.865 [info] Profiles: No changes found during synchronizing profiles.
2024-01-14 14:55:23.868 [info] Sync done. Took 339ms
2024-01-14 14:56:08.449 [info] Auto Sync: Triggered by Activity
2024-01-14 14:56:08.450 [info] Sync started.
2024-01-14 14:56:08.518 [info] Settings: No changes found during synchronizing settings.
2024-01-14 14:56:08.527 [info] Keybindings: No changes found during synchronizing keybindings.
2024-01-14 14:56:08.535 [info] Snippets: No changes found during synchronizing snippets.
2024-01-14 14:56:08.542 [info] Tasks: No changes found during synchronizing tasks.
2024-01-14 14:56:08.551 [info] GlobalState: No changes found during synchronizing ui state.
2024-01-14 14:56:08.723 [info] Extensions: No changes found during synchronizing extensions.
2024-01-14 14:56:08.726 [info] Profiles: No changes found during synchronizing profiles.
2024-01-14 14:56:08.729 [info] Sync done. Took 280ms
2024-01-14 14:56:26.406 [info] Auto Sync: Triggered by Activity
2024-01-14 14:56:26.407 [info] Sync started.
2024-01-14 14:56:26.507 [info] Settings: No changes found during synchronizing settings.
2024-01-14 14:56:26.516 [info] Keybindings: No changes found during synchronizing keybindings.
2024-01-14 14:56:26.527 [info] Snippets: No changes found during synchronizing snippets.
2024-01-14 14:56:26.534 [info] Tasks: No changes found during synchronizing tasks.
2024-01-14 14:56:26.542 [info] GlobalState: No changes found during synchronizing ui state.
2024-01-14 14:56:26.770 [info] Extensions: No changes found during synchronizing extensions.
2024-01-14 14:56:26.774 [info] Profiles: No changes found during synchronizing profiles.
2024-01-14 14:56:26.777 [info] Sync done. Took 372ms
2024-01-14 14:56:45.705 [info] Auto Sync: Triggered by Activity
2024-01-14 14:56:45.706 [info] Sync started.
2024-01-14 14:56:45.803 [info] Settings: No changes found during synchronizing settings.
2024-01-14 14:56:45.812 [info] Keybindings: No changes found during synchronizing keybindings.
2024-01-14 14:56:45.823 [info] Snippets: No changes found during synchronizing snippets.
2024-01-14 14:56:45.830 [info] Tasks: No changes found during synchronizing tasks.
2024-01-14 14:56:45.840 [info] GlobalState: No changes found during synchronizing ui state.
2024-01-14 14:56:46.015 [info] Extensions: No changes found during synchronizing extensions.
2024-01-14 14:56:46.019 [info] Profiles: No changes found during synchronizing profiles.
2024-01-14 14:56:46.023 [info] Sync done. Took 319ms
2024-01-14 14:57:04.022 [info] Auto Sync: Triggered by Activity
2024-01-14 14:57:04.022 [info] Sync started.
2024-01-14 14:57:04.111 [info] Settings: No changes found during synchronizing settings.
2024-01-14 14:57:04.120 [info] Keybindings: No changes found during synchronizing keybindings.
2024-01-14 14:57:04.130 [info] Snippets: No changes found during synchronizing snippets.
2024-01-14 14:57:04.138 [info] Tasks: No changes found during synchronizing tasks.
2024-01-14 14:57:04.148 [info] GlobalState: No changes found during synchronizing ui state.
2024-01-14 14:57:04.355 [info] Extensions: No changes found during synchronizing extensions.
2024-01-14 14:57:04.359 [info] Profiles: No changes found during synchronizing profiles.
2024-01-14 14:57:04.363 [info] Sync done. Took 343ms
2024-01-14 14:57:35.626 [info] Auto Sync: Triggered by Activity
2024-01-14 14:57:35.627 [info] Sync started.
2024-01-14 14:57:35.702 [info] Settings: No changes found during synchronizing settings.
2024-01-14 14:57:35.711 [info] Keybindings: No changes found during synchronizing keybindings.
2024-01-14 14:57:35.721 [info] Snippets: No changes found during synchronizing snippets.
2024-01-14 14:57:35.728 [info] Tasks: No changes found during synchronizing tasks.
2024-01-14 14:57:35.738 [info] GlobalState: No changes found during synchronizing ui state.
2024-01-14 14:57:35.904 [info] Extensions: No changes found during synchronizing extensions.
2024-01-14 14:57:35.908 [info] Profiles: No changes found during synchronizing profiles.
2024-01-14 14:57:35.911 [info] Sync done. Took 286ms
2024-01-14 14:58:04.932 [info] Auto Sync: Triggered by Activity
2024-01-14 14:58:04.933 [info] Sync started.
2024-01-14 14:58:05.005 [info] Settings: No changes found during synchronizing settings.
2024-01-14 14:58:05.014 [info] Keybindings: No changes found during synchronizing keybindings.
2024-01-14 14:58:05.024 [info] Snippets: No changes found during synchronizing snippets.
2024-01-14 14:58:05.031 [info] Tasks: No changes found during synchronizing tasks.
2024-01-14 14:58:05.039 [info] GlobalState: No changes found during synchronizing ui state.
2024-01-14 14:58:05.247 [info] Extensions: No changes found during synchronizing extensions.
2024-01-14 14:58:05.251 [info] Profiles: No changes found during synchronizing profiles.
2024-01-14 14:58:05.254 [info] Sync done. Took 322ms
2024-01-14 14:58:36.369 [info] Auto Sync: Triggered by Activity
2024-01-14 14:58:36.370 [info] Sync started.
2024-01-14 14:58:36.441 [info] Settings: No changes found during synchronizing settings.
2024-01-14 14:58:36.452 [info] Keybindings: No changes found during synchronizing keybindings.
2024-01-14 14:58:36.464 [info] Snippets: No changes found during synchronizing snippets.
2024-01-14 14:58:36.474 [info] Tasks: No changes found during synchronizing tasks.
2024-01-14 14:58:36.484 [info] GlobalState: No changes found during synchronizing ui state.
2024-01-14 14:58:36.643 [info] Extensions: No changes found during synchronizing extensions.
2024-01-14 14:58:36.646 [info] Profiles: No changes found during synchronizing profiles.
2024-01-14 14:58:36.649 [info] Sync done. Took 281ms
2024-01-14 14:58:53.147 [info] Auto Sync: Triggered by Activity
2024-01-14 14:58:53.148 [info] Sync started.
2024-01-14 14:58:53.226 [info] Settings: No changes found during synchronizing settings.
2024-01-14 14:58:53.236 [info] Keybindings: No changes found during synchronizing keybindings.
2024-01-14 14:58:53.248 [info] Snippets: No changes found during synchronizing snippets.
2024-01-14 14:58:53.256 [info] Tasks: No changes found during synchronizing tasks.
2024-01-14 14:58:53.265 [info] GlobalState: No changes found during synchronizing ui state.
2024-01-14 14:58:53.409 [info] Extensions: No changes found during synchronizing extensions.
2024-01-14 14:58:53.412 [info] Profiles: No changes found during synchronizing profiles.
2024-01-14 14:58:53.415 [info] Sync done. Took 269ms
2024-01-14 14:59:17.798 [info] Auto Sync: Triggered by Activity
2024-01-14 14:59:17.799 [info] Sync started.
2024-01-14 14:59:17.868 [info] Settings: No changes found during synchronizing settings.
2024-01-14 14:59:17.878 [info] Keybindings: No changes found during synchronizing keybindings.
2024-01-14 14:59:17.886 [info] Snippets: No changes found during synchronizing snippets.
2024-01-14 14:59:17.895 [info] Tasks: No changes found during synchronizing tasks.
2024-01-14 14:59:17.905 [info] GlobalState: No changes found during synchronizing ui state.
2024-01-14 14:59:18.064 [info] Extensions: No changes found during synchronizing extensions.
2024-01-14 14:59:18.067 [info] Profiles: No changes found during synchronizing profiles.
2024-01-14 14:59:18.071 [info] Sync done. Took 273ms
2024-01-14 14:59:31.922 [info] Auto Sync: Triggered by Activity
2024-01-14 14:59:31.923 [info] Sync started.
2024-01-14 14:59:31.992 [info] Settings: No changes found during synchronizing settings.
2024-01-14 14:59:32.002 [info] Keybindings: No changes found during synchronizing keybindings.
2024-01-14 14:59:32.010 [info] Snippets: No changes found during synchronizing snippets.
2024-01-14 14:59:32.018 [info] Tasks: No changes found during synchronizing tasks.
2024-01-14 14:59:32.026 [info] GlobalState: No changes found during synchronizing ui state.
2024-01-14 14:59:32.203 [info] Extensions: No changes found during synchronizing extensions.
2024-01-14 14:59:32.207 [info] Profiles: No changes found during synchronizing profiles.
2024-01-14 14:59:32.210 [info] Sync done. Took 288ms
2024-01-14 15:03:22.914 [info] Auto Sync: Triggered by Activity
2024-01-14 15:03:22.915 [info] Sync started.
2024-01-14 15:03:23.146 [info] Settings: No changes found during synchronizing settings.
2024-01-14 15:03:23.154 [info] Keybindings: No changes found during synchronizing keybindings.
2024-01-14 15:03:23.161 [info] Snippets: No changes found during synchronizing snippets.
2024-01-14 15:03:23.167 [info] Tasks: No changes found during synchronizing tasks.
2024-01-14 15:03:23.175 [info] GlobalState: No changes found during synchronizing ui state.
2024-01-14 15:03:23.338 [info] Extensions: No changes found during synchronizing extensions.
2024-01-14 15:03:23.344 [info] Profiles: No changes found during synchronizing profiles.
2024-01-14 15:03:23.347 [info] Sync done. Took 433ms
2024-01-14 15:05:50.949 [info] Auto Sync: Triggered by Activity
2024-01-14 15:05:50.949 [info] Sync started.
2024-01-14 15:05:51.196 [info] Settings: No changes found during synchronizing settings.
2024-01-14 15:05:51.204 [info] Keybindings: No changes found during synchronizing keybindings.
2024-01-14 15:05:51.212 [info] Snippets: No changes found during synchronizing snippets.
2024-01-14 15:05:51.219 [info] Tasks: No changes found during synchronizing tasks.
2024-01-14 15:05:51.226 [info] GlobalState: No changes found during synchronizing ui state.
2024-01-14 15:05:51.405 [info] Extensions: No changes found during synchronizing extensions.
2024-01-14 15:05:51.410 [info] Profiles: No changes found during synchronizing profiles.
2024-01-14 15:05:51.413 [info] Sync done. Took 465ms
2024-01-14 15:07:53.904 [info] Auto Sync: Triggered by Activity
2024-01-14 15:07:53.905 [info] Sync started.
2024-01-14 15:07:54.156 [info] Settings: No changes found during synchronizing settings.
2024-01-14 15:07:54.167 [info] Keybindings: No changes found during synchronizing keybindings.
2024-01-14 15:07:54.177 [info] Snippets: No changes found during synchronizing snippets.
2024-01-14 15:07:54.186 [info] Tasks: No changes found during synchronizing tasks.
2024-01-14 15:07:54.198 [info] GlobalState: No changes found during synchronizing ui state.
2024-01-14 15:07:54.436 [info] Extensions: No changes found during synchronizing extensions.
2024-01-14 15:07:54.440 [info] Profiles: No changes found during synchronizing profiles.
2024-01-14 15:07:54.444 [info] Sync done. Took 540ms
2024-01-14 15:08:57.612 [info] Auto Sync: Triggered by Activity
2024-01-14 15:08:57.613 [info] Sync started.
2024-01-14 15:08:57.680 [info] Settings: No changes found during synchronizing settings.
2024-01-14 15:08:57.689 [info] Keybindings: No changes found during synchronizing keybindings.
2024-01-14 15:08:57.698 [info] Snippets: No changes found during synchronizing snippets.
2024-01-14 15:08:57.707 [info] Tasks: No changes found during synchronizing tasks.
2024-01-14 15:08:57.717 [info] GlobalState: No changes found during synchronizing ui state.
2024-01-14 15:08:57.943 [info] Extensions: No changes found during synchronizing extensions.
2024-01-14 15:08:57.947 [info] Profiles: No changes found during synchronizing profiles.
2024-01-14 15:08:57.950 [info] Sync done. Took 337ms
2024-01-14 15:13:11.764 [info] Auto Sync: Triggered by Activity
2024-01-14 15:13:11.764 [info] Sync started.
2024-01-14 15:13:11.959 [info] Settings: No changes found during synchronizing settings.
2024-01-14 15:13:11.966 [info] Keybindings: No changes found during synchronizing keybindings.
2024-01-14 15:13:11.976 [info] Snippets: No changes found during synchronizing snippets.
2024-01-14 15:13:11.982 [info] Tasks: No changes found during synchronizing tasks.
2024-01-14 15:13:11.991 [info] GlobalState: No changes found during synchronizing ui state.
2024-01-14 15:13:12.175 [info] Extensions: No changes found during synchronizing extensions.
2024-01-14 15:13:12.179 [info] Profiles: No changes found during synchronizing profiles.
2024-01-14 15:13:12.182 [info] Sync done. Took 419ms
